# JRE version: OpenJDK Runtime Environment Temurin-21.0.3+9 (21.0.3+9) (build 21.0.3+9-LTS)
# Java VM: OpenJDK 64-Bit Server VM Temurin-21.0.3+9 (21.0.3+9-LTS, mixed mode, emulated-client, tiered, compressed oops, compressed class ptrs, g1 gc, windows-amd64)
GC Precious Log:
 CardTable entry size: 512
 Card Set container configuration: InlinePtr #cards 4 size 8 Array Of Cards #cards 16 size 48 Howl #buckets 8 coarsen threshold 3686 Howl Bitmap #cards 512 size 80 coarsen threshold 460 Card regions per heap region 1 cards per card region 4096
 CPUs: 12 total, 12 available
 Memory: 16165M
 Large Page Support: Disabled
 NUMA Support: Disabled
 Compressed Oops: Enabled (Zero based)
 Heap Region Size: 2M
 Heap Min Capacity: 8M
 Heap Initial Capacity: 254M
 Heap Max Capacity: 4042M
 Pre-touch: Disabled
 Parallel Workers: 10
 Concurrent Workers: 3
 Concurrent Refinement Workers: 10
 Periodic GC: Disabled
Heap:
 garbage-first heap   total 116736K, used 91570K [0x0000000703600000, 0x0000000800000000)
  region size 2048K, 33 young (67584K), 0 survivors (0K)
 Metaspace       used 93071K, committed 93824K, reserved 1179648K
  class space    used 12579K, committed 12928K, reserved 1048576K
GC Heap History (20 events):
Event: 2.527 GC heap before
{Heap before GC invocations=14 (full 0):
 garbage-first heap   total 83968K, used 67466K [0x0000000703600000, 0x0000000800000000)
  region size 2048K, 24 young (49152K), 2 survivors (4096K)
 Metaspace       used 58349K, committed 58944K, reserved 1114112K
  class space    used 7397K, committed 7680K, reserved 1048576K
}
Event: 2.530 GC heap after
{Heap after GC invocations=15 (full 0):
 garbage-first heap   total 83968K, used 24447K [0x0000000703600000, 0x0000000800000000)
  region size 2048K, 3 young (6144K), 3 survivors (6144K)
 Metaspace       used 58349K, committed 58944K, reserved 1114112K
  class space    used 7397K, committed 7680K, reserved 1048576K
}
Event: 2.587 GC heap before
{Heap before GC invocations=15 (full 0):
 garbage-first heap   total 83968K, used 38783K [0x0000000703600000, 0x0000000800000000)
  region size 2048K, 11 young (22528K), 3 survivors (6144K)
 Metaspace       used 59741K, committed 60288K, reserved 1114112K
  class space    used 7619K, committed 7872K, reserved 1048576K
}
Event: 2.589 GC heap after
{Heap after GC invocations=16 (full 0):
 garbage-first heap   total 83968K, used 24923K [0x0000000703600000, 0x0000000800000000)
  region size 2048K, 2 young (4096K), 2 survivors (4096K)
 Metaspace       used 59741K, committed 60288K, reserved 1114112K
  class space    used 7619K, committed 7872K, reserved 1048576K
}
Event: 2.803 GC heap before
{Heap before GC invocations=17 (full 0):
 garbage-first heap   total 83968K, used 67931K [0x0000000703600000, 0x0000000800000000)
  region size 2048K, 24 young (49152K), 2 survivors (4096K)
 Metaspace       used 63493K, committed 64064K, reserved 1114112K
  class space    used 8122K, committed 8384K, reserved 1048576K
}
Event: 2.806 GC heap after
{Heap after GC invocations=18 (full 0):
 garbage-first heap   total 83968K, used 25857K [0x0000000703600000, 0x0000000800000000)
  region size 2048K, 3 young (6144K), 3 survivors (6144K)
 Metaspace       used 63493K, committed 64064K, reserved 1114112K
  class space    used 8122K, committed 8384K, reserved 1048576K
}
Event: 2.992 GC heap before
{Heap before GC invocations=18 (full 0):
 garbage-first heap   total 83968K, used 66817K [0x0000000703600000, 0x0000000800000000)
  region size 2048K, 24 young (49152K), 3 survivors (6144K)
 Metaspace       used 68525K, committed 69120K, reserved 1114112K
  class space    used 8884K, committed 9152K, reserved 1048576K
}
Event: 2.997 GC heap after
{Heap after GC invocations=19 (full 0):
 garbage-first heap   total 102400K, used 26557K [0x0000000703600000, 0x0000000800000000)
  region size 2048K, 2 young (4096K), 2 survivors (4096K)
 Metaspace       used 68525K, committed 69120K, reserved 1114112K
  class space    used 8884K, committed 9152K, reserved 1048576K
}
Event: 3.658 GC heap before
{Heap before GC invocations=19 (full 0):
 garbage-first heap   total 102400K, used 83901K [0x0000000703600000, 0x0000000800000000)
  region size 2048K, 30 young (61440K), 2 survivors (4096K)
 Metaspace       used 73838K, committed 74560K, reserved 1114112K
  class space    used 9738K, committed 10048K, reserved 1048576K
}
Event: 3.664 GC heap after
{Heap after GC invocations=20 (full 0):
 garbage-first heap   total 102400K, used 27346K [0x0000000703600000, 0x0000000800000000)
  region size 2048K, 2 young (4096K), 2 survivors (4096K)
 Metaspace       used 73838K, committed 74560K, reserved 1114112K
  class space    used 9738K, committed 10048K, reserved 1048576K
}
Event: 3.952 GC heap before
{Heap before GC invocations=20 (full 0):
 garbage-first heap   total 102400K, used 84690K [0x0000000703600000, 0x0000000800000000)
  region size 2048K, 30 young (61440K), 2 survivors (4096K)
 Metaspace       used 79049K, committed 79744K, reserved 1179648K
  class space    used 10501K, committed 10816K, reserved 1048576K
}
Event: 3.957 GC heap after
{Heap after GC invocations=21 (full 0):
 garbage-first heap   total 102400K, used 29689K [0x0000000703600000, 0x0000000800000000)
  region size 2048K, 3 young (6144K), 3 survivors (6144K)
 Metaspace       used 79049K, committed 79744K, reserved 1179648K
  class space    used 10501K, committed 10816K, reserved 1048576K
}
Event: 4.148 GC heap before
{Heap before GC invocations=21 (full 0):
 garbage-first heap   total 102400K, used 82937K [0x0000000703600000, 0x0000000800000000)
  region size 2048K, 30 young (61440K), 3 survivors (6144K)
 Metaspace       used 81576K, committed 82304K, reserved 1179648K
  class space    used 10984K, committed 11328K, reserved 1048576K
}
Event: 4.151 GC heap after
{Heap after GC invocations=22 (full 0):
 garbage-first heap   total 102400K, used 32090K [0x0000000703600000, 0x0000000800000000)
  region size 2048K, 4 young (8192K), 4 survivors (8192K)
 Metaspace       used 81576K, committed 82304K, reserved 1179648K
  class space    used 10984K, committed 11328K, reserved 1048576K
}
Event: 4.408 GC heap before
{Heap before GC invocations=22 (full 0):
 garbage-first heap   total 102400K, used 85338K [0x0000000703600000, 0x0000000800000000)
  region size 2048K, 30 young (61440K), 4 survivors (8192K)
 Metaspace       used 85206K, committed 85952K, reserved 1179648K
  class space    used 11515K, committed 11840K, reserved 1048576K
}
Event: 4.413 GC heap after
{Heap after GC invocations=23 (full 0):
 garbage-first heap   total 102400K, used 34209K [0x0000000703600000, 0x0000000800000000)
  region size 2048K, 3 young (6144K), 3 survivors (6144K)
 Metaspace       used 85206K, committed 85952K, reserved 1179648K
  class space    used 11515K, committed 11840K, reserved 1048576K
}
Event: 99.914 GC heap before
{Heap before GC invocations=23 (full 0):
 garbage-first heap   total 102400K, used 85409K [0x0000000703600000, 0x0000000800000000)
  region size 2048K, 29 young (59392K), 3 survivors (6144K)
 Metaspace       used 89564K, committed 90432K, reserved 1179648K
  class space    used 12106K, committed 12480K, reserved 1048576K
}
Event: 99.918 GC heap after
{Heap after GC invocations=24 (full 0):
 garbage-first heap   total 122880K, used 36094K [0x0000000703600000, 0x0000000800000000)
  region size 2048K, 3 young (6144K), 3 survivors (6144K)
 Metaspace       used 89564K, committed 90432K, reserved 1179648K
  class space    used 12106K, committed 12480K, reserved 1048576K
}
Event: 251.321 GC heap before
{Heap before GC invocations=24 (full 0):
 garbage-first heap   total 122880K, used 75006K [0x0000000703600000, 0x0000000800000000)
  region size 2048K, 24 young (49152K), 3 survivors (6144K)
 Metaspace       used 92795K, committed 93568K, reserved 1179648K
  class space    used 12579K, committed 12928K, reserved 1048576K
}
Event: 251.347 GC heap after
{Heap after GC invocations=25 (full 1):
 garbage-first heap   total 116736K, used 28082K [0x0000000703600000, 0x0000000800000000)
  region size 2048K, 0 young (0K), 0 survivors (0K)
 Metaspace       used 92426K, committed 93568K, reserved 1179648K
  class space    used 12484K, committed 12928K, reserved 1048576K
}

